2017-11-16 15:42:18,165 - GamesInfo - INFO - 接口:获取游戏列表，测试开始
2017-11-16 15:42:18,601 - GamesInfo - INFO - 接口:获取游戏列表，测试完成
2017-11-16 15:42:18,601 - GamesInfo - INFO - 接口:获取游戏列表，测试开始
2017-11-16 15:42:18,663 - GamesInfo - INFO - 接口:获取游戏列表，测试完成
2017-11-16 15:42:18,663 - GamesInfo - INFO - 接口:获取游戏列表，测试开始
2017-11-16 15:42:18,726 - GamesInfo - INFO - 接口:获取游戏列表，测试完成
2017-11-16 15:42:18,726 - GamesInfo - INFO - 接口:获取游戏列表，测试开始
2017-11-16 15:42:18,804 - GamesInfo - INFO - 接口:获取游戏列表，测试完成
2017-11-16 15:42:18,804 - GamesInfo - INFO - 接口:获取游戏列表，测试开始
2017-11-16 15:42:18,882 - GamesInfo - INFO - 接口:获取游戏列表，测试完成
2017-11-16 15:42:18,882 - IndexInfo - INFO - 接口:首屏数据获取，测试开始
2017-11-16 15:42:18,992 - IndexInfo - INFO - 接口:首屏数据获取，测试完成
2017-11-16 15:42:18,992 - IndexInfo - INFO - 接口:首屏数据获取，测试开始
2017-11-16 15:42:19,070 - IndexInfo - INFO - 接口:首屏数据获取，测试完成
2017-11-16 15:42:19,070 - IndexInfo - INFO - 接口:首屏数据获取，测试开始
2017-11-16 15:42:19,155 - IndexInfo - INFO - 接口:首屏数据获取，测试完成
2017-11-16 15:42:19,155 - IndexInfo - INFO - 接口:首屏数据获取，测试开始
2017-11-16 15:42:19,207 - IndexInfo - INFO - 接口:首屏数据获取，测试完成
2017-11-16 15:42:19,207 - IndexInfo - INFO - 接口:首屏数据获取，测试开始
2017-11-16 15:42:19,260 - IndexInfo - INFO - 接口:首屏数据获取，测试完成
2017-11-16 15:42:19,260 - IndexInfo - INFO - 接口:首屏数据获取，测试开始
2017-11-16 15:42:19,314 - IndexInfo - INFO - 接口:首屏数据获取，测试完成
2017-11-16 15:42:19,315 - IndexInfo - INFO - 接口:首屏数据获取，测试开始
2017-11-16 15:42:19,354 - IndexInfo - INFO - 接口:首屏数据获取，测试完成
2017-11-16 15:42:19,369 - IndexInfo - INFO - 接口:首屏数据获取，测试开始
2017-11-16 15:42:19,416 - IndexInfo - INFO - 接口:首屏数据获取，测试完成
2017-11-16 15:42:19,416 - IndexInfo - INFO - 接口:首屏数据获取，测试开始
2017-11-16 15:42:19,479 - IndexInfo - INFO - 接口:首屏数据获取，测试完成
2017-11-16 15:42:19,479 - IndexInfo - INFO - 接口:首屏数据获取，测试开始
2017-11-16 15:42:19,541 - IndexInfo - INFO - 接口:首屏数据获取，测试完成
2017-11-16 15:42:19,541 - IndexInfo - INFO - 接口:首屏数据获取，测试开始
2017-11-16 15:42:19,604 - IndexInfo - INFO - 接口:首屏数据获取，测试完成
2017-11-16 15:42:19,604 - IndexInfo - INFO - 接口:首屏数据获取，测试开始
2017-11-16 15:42:19,666 - IndexInfo - INFO - 接口:首屏数据获取，测试完成
2017-11-16 15:42:19,666 - IndexInfo - INFO - 接口:首屏数据获取，测试开始
2017-11-16 15:42:19,723 - IndexInfo - INFO - 接口:首屏数据获取，测试完成
2017-11-16 15:42:19,723 - IndexInfo - INFO - 接口:首屏数据获取，测试开始
2017-11-16 15:42:19,779 - IndexInfo - INFO - 接口:首屏数据获取，测试完成
2017-11-16 15:42:19,779 - IndexInfo - INFO - 接口:首屏数据获取，测试开始
2017-11-16 15:42:19,843 - IndexInfo - INFO - 接口:首屏数据获取，测试完成
2017-11-16 15:42:19,843 - IndexInfo - INFO - 接口:首屏数据获取，测试开始
2017-11-16 15:42:19,891 - IndexInfo - INFO - 接口:首屏数据获取，测试完成
2017-11-16 15:42:19,892 - IndexInfo - INFO - 接口:首屏数据获取，测试开始
2017-11-16 15:42:19,942 - IndexInfo - INFO - 接口:首屏数据获取，测试完成
2017-11-16 15:42:19,942 - IndexInfo - INFO - 接口:首屏数据获取，测试开始
2017-11-16 15:42:19,996 - IndexInfo - INFO - 接口:首屏数据获取，测试完成
2017-11-16 15:42:19,996 - IndexInfo - INFO - 接口:首屏数据获取，测试开始
2017-11-16 15:42:20,044 - IndexInfo - INFO - 接口:首屏数据获取，测试完成
2017-11-16 15:42:20,059 - RoomInfo - INFO - 接口:根据房间ID获取直播间信息，测试开始
2017-11-16 15:42:20,169 - RoomInfo - INFO - 接口:根据房间ID获取直播间信息，测试完成
2017-11-16 15:42:20,169 - RoomInfo - INFO - 接口:根据房间ID获取直播间信息，测试开始
2017-11-16 15:42:20,341 - RoomInfo - INFO - 接口:根据房间ID获取直播间信息，测试完成
2017-11-16 15:42:20,341 - RoomInfo - INFO - 接口:根据房间ID获取直播间信息，测试开始
2017-11-16 15:42:20,434 - RoomInfo - INFO - 接口:根据房间ID获取直播间信息，测试完成
2017-11-16 15:42:20,434 - RoomInfo - INFO - 接口:根据房间ID获取直播间信息，测试开始
2017-11-16 15:42:20,544 - RoomInfo - INFO - 接口:根据房间ID获取直播间信息，测试完成
2017-11-16 15:42:20,544 - RoomInfo - INFO - 接口:根据房间ID获取直播间信息，测试开始
2017-11-16 15:42:20,731 - RoomInfo - INFO - 接口:根据房间ID获取直播间信息，测试完成
2017-11-16 15:42:20,731 - RoomInfo - INFO - 接口:根据房间ID获取直播间信息，测试开始
2017-11-16 15:42:20,825 - RoomInfo - INFO - 接口:根据房间ID获取直播间信息，测试完成
2017-11-16 15:42:20,825 - RoomInfo - INFO - 接口:根据房间ID获取直播间信息，测试开始
2017-11-16 15:42:20,919 - RoomInfo - INFO - 接口:根据房间ID获取直播间信息，测试完成
2017-11-16 15:42:20,919 - RoomInfo - INFO - 接口:根据房间ID获取直播间信息，测试开始
2017-11-16 15:42:21,013 - RoomInfo - INFO - 接口:根据房间ID获取直播间信息，测试完成
2017-11-16 15:42:21,013 - RoomInfo - INFO - 接口:根据房间ID获取直播间信息，测试开始
2017-11-16 15:42:21,106 - RoomInfo - INFO - 接口:根据房间ID获取直播间信息，测试完成
2017-11-16 15:42:21,106 - RoomInfo - INFO - 接口:根据房间ID获取直播间信息，测试开始
2017-11-16 15:42:21,200 - RoomInfo - INFO - 接口:根据房间ID获取直播间信息，测试完成
2017-11-16 15:42:21,200 - RoomInfo - INFO - 接口:根据房间ID获取直播间信息，测试开始
2017-11-16 15:42:21,278 - RoomInfo - INFO - 接口:根据房间ID获取直播间信息，测试完成
2017-11-16 15:42:21,278 - RoomInfo - INFO - 接口:根据房间ID获取直播间信息，测试开始
2017-11-16 15:42:21,356 - RoomInfo - INFO - 接口:根据房间ID获取直播间信息，测试完成
2017-11-16 15:42:21,356 - RoomInfo - INFO - 接口:根据房间ID获取直播间信息，测试开始
2017-11-16 15:42:21,434 - RoomInfo - INFO - 接口:根据房间ID获取直播间信息，测试完成
2017-11-16 15:42:21,434 - RoomInfo - INFO - 接口:根据房间ID获取直播间信息，测试开始
2017-11-16 15:42:21,528 - RoomInfo - INFO - 接口:根据房间ID获取直播间信息，测试完成
2017-11-16 15:42:21,528 - RoomInfo - INFO - 接口:根据房间ID获取直播间信息，测试开始
2017-11-16 15:42:21,606 - RoomInfo - INFO - 接口:根据房间ID获取直播间信息，测试完成
2017-11-16 15:42:21,606 - RoomInfo - INFO - 接口:根据房间ID获取直播间信息，测试开始
2017-11-16 15:42:21,716 - RoomInfo - INFO - 接口:根据房间ID获取直播间信息，测试完成
2017-11-16 15:42:21,716 - RoomInfo - INFO - 接口:根据房间ID获取直播间信息，测试开始
2017-11-16 15:42:21,778 - RoomInfo - INFO - 接口:根据房间ID获取直播间信息，测试完成
2017-11-16 15:42:21,778 - RoomInfo - INFO - 接口:根据房间ID获取直播间信息，测试开始
2017-11-16 15:42:21,872 - RoomInfo - INFO - 接口:根据房间ID获取直播间信息，测试完成
