2017-11-16 15:23:51,713 - GamesInfo - INFO - 接口:获取游戏列表，测试开始
2017-11-16 15:23:52,010 - GamesInfo - INFO - 接口:获取游戏列表，测试完成
2017-11-16 15:23:52,010 - GamesInfo - INFO - 接口:获取游戏列表，测试开始
2017-11-16 15:23:52,073 - GamesInfo - INFO - 接口:获取游戏列表，测试完成
2017-11-16 15:23:52,073 - GamesInfo - INFO - 接口:获取游戏列表，测试开始
2017-11-16 15:23:52,135 - GamesInfo - INFO - 接口:获取游戏列表，测试完成
2017-11-16 15:23:52,135 - GamesInfo - INFO - 接口:获取游戏列表，测试开始
2017-11-16 15:23:52,198 - GamesInfo - INFO - 接口:获取游戏列表，测试完成
2017-11-16 15:23:52,198 - GamesInfo - INFO - 接口:获取游戏列表，测试开始
2017-11-16 15:23:52,260 - GamesInfo - INFO - 接口:获取游戏列表，测试完成
2017-11-16 15:23:52,260 - IndexInfo - INFO - 接口:首屏数据获取，测试开始
2017-11-16 15:23:52,307 - IndexInfo - INFO - 接口:首屏数据获取，测试完成
2017-11-16 15:23:52,307 - IndexInfo - INFO - 接口:首屏数据获取，测试开始
2017-11-16 15:23:52,370 - IndexInfo - INFO - 接口:首屏数据获取，测试完成
2017-11-16 15:23:52,370 - IndexInfo - INFO - 接口:首屏数据获取，测试开始
2017-11-16 15:23:52,432 - IndexInfo - INFO - 接口:首屏数据获取，测试完成
2017-11-16 15:23:52,432 - IndexInfo - INFO - 接口:首屏数据获取，测试开始
2017-11-16 15:23:52,510 - IndexInfo - INFO - 接口:首屏数据获取，测试完成
2017-11-16 15:23:52,510 - IndexInfo - INFO - 接口:首屏数据获取，测试开始
2017-11-16 15:23:52,588 - IndexInfo - INFO - 接口:首屏数据获取，测试完成
2017-11-16 15:23:52,588 - IndexInfo - INFO - 接口:首屏数据获取，测试开始
2017-11-16 15:23:52,635 - IndexInfo - INFO - 接口:首屏数据获取，测试完成
2017-11-16 15:23:52,651 - IndexInfo - INFO - 接口:首屏数据获取，测试开始
2017-11-16 15:23:52,713 - IndexInfo - INFO - 接口:首屏数据获取，测试完成
2017-11-16 15:23:52,713 - IndexInfo - INFO - 接口:首屏数据获取，测试开始
2017-11-16 15:23:52,779 - IndexInfo - INFO - 接口:首屏数据获取，测试完成
2017-11-16 15:23:52,780 - IndexInfo - INFO - 接口:首屏数据获取，测试开始
2017-11-16 15:23:52,831 - IndexInfo - INFO - 接口:首屏数据获取，测试完成
2017-11-16 15:23:52,831 - IndexInfo - INFO - 接口:首屏数据获取，测试开始
2017-11-16 15:23:52,893 - IndexInfo - INFO - 接口:首屏数据获取，测试完成
2017-11-16 15:23:52,893 - IndexInfo - INFO - 接口:首屏数据获取，测试开始
2017-11-16 15:23:52,972 - IndexInfo - INFO - 接口:首屏数据获取，测试完成
2017-11-16 15:23:52,972 - IndexInfo - INFO - 接口:首屏数据获取，测试开始
2017-11-16 15:23:53,050 - IndexInfo - INFO - 接口:首屏数据获取，测试完成
2017-11-16 15:23:53,050 - IndexInfo - INFO - 接口:首屏数据获取，测试开始
2017-11-16 15:23:53,097 - IndexInfo - INFO - 接口:首屏数据获取，测试完成
2017-11-16 15:23:53,097 - IndexInfo - INFO - 接口:首屏数据获取，测试开始
2017-11-16 15:23:53,175 - IndexInfo - INFO - 接口:首屏数据获取，测试完成
2017-11-16 15:23:53,175 - IndexInfo - INFO - 接口:首屏数据获取，测试开始
2017-11-16 15:23:53,235 - IndexInfo - INFO - 接口:首屏数据获取，测试完成
2017-11-16 15:23:53,235 - IndexInfo - INFO - 接口:首屏数据获取，测试开始
2017-11-16 15:23:53,309 - IndexInfo - INFO - 接口:首屏数据获取，测试完成
2017-11-16 15:23:53,309 - IndexInfo - INFO - 接口:首屏数据获取，测试开始
2017-11-16 15:23:53,361 - IndexInfo - INFO - 接口:首屏数据获取，测试完成
2017-11-16 15:23:53,362 - IndexInfo - INFO - 接口:首屏数据获取，测试开始
2017-11-16 15:23:53,400 - IndexInfo - INFO - 接口:首屏数据获取，测试完成
2017-11-16 15:23:53,400 - IndexInfo - INFO - 接口:首屏数据获取，测试开始
2017-11-16 15:23:53,463 - IndexInfo - INFO - 接口:首屏数据获取，测试完成
2017-11-16 15:23:53,463 - RoomInfo - INFO - 接口:根据房间ID获取直播间信息，测试开始
2017-11-16 15:23:53,619 - RoomInfo - INFO - 接口:根据房间ID获取直播间信息，测试完成
2017-11-16 15:23:53,619 - RoomInfo - INFO - 接口:根据房间ID获取直播间信息，测试开始
2017-11-16 15:23:53,800 - RoomInfo - INFO - 接口:根据房间ID获取直播间信息，测试完成
2017-11-16 15:23:53,800 - RoomInfo - INFO - 接口:根据房间ID获取直播间信息，测试开始
2017-11-16 15:23:53,909 - RoomInfo - INFO - 接口:根据房间ID获取直播间信息，测试完成
2017-11-16 15:23:53,909 - RoomInfo - INFO - 接口:根据房间ID获取直播间信息，测试开始
2017-11-16 15:23:54,034 - RoomInfo - INFO - 接口:根据房间ID获取直播间信息，测试完成
2017-11-16 15:23:54,034 - RoomInfo - INFO - 接口:根据房间ID获取直播间信息，测试开始
2017-11-16 15:23:54,128 - RoomInfo - INFO - 接口:根据房间ID获取直播间信息，测试完成
2017-11-16 15:23:54,128 - RoomInfo - INFO - 接口:根据房间ID获取直播间信息，测试开始
2017-11-16 15:23:54,237 - RoomInfo - INFO - 接口:根据房间ID获取直播间信息，测试完成
2017-11-16 15:23:54,237 - RoomInfo - INFO - 接口:根据房间ID获取直播间信息，测试开始
2017-11-16 15:23:54,456 - RoomInfo - INFO - 接口:根据房间ID获取直播间信息，测试完成
2017-11-16 15:23:54,456 - RoomInfo - INFO - 接口:根据房间ID获取直播间信息，测试开始
2017-11-16 15:23:54,565 - RoomInfo - INFO - 接口:根据房间ID获取直播间信息，测试完成
2017-11-16 15:23:54,565 - RoomInfo - INFO - 接口:根据房间ID获取直播间信息，测试开始
2017-11-16 15:23:54,754 - RoomInfo - INFO - 接口:根据房间ID获取直播间信息，测试完成
2017-11-16 15:23:54,754 - RoomInfo - INFO - 接口:根据房间ID获取直播间信息，测试开始
2017-11-16 15:23:54,832 - RoomInfo - INFO - 接口:根据房间ID获取直播间信息，测试完成
2017-11-16 15:23:54,832 - RoomInfo - INFO - 接口:根据房间ID获取直播间信息，测试开始
2017-11-16 15:23:54,941 - RoomInfo - INFO - 接口:根据房间ID获取直播间信息，测试完成
2017-11-16 15:23:54,941 - RoomInfo - INFO - 接口:根据房间ID获取直播间信息，测试开始
2017-11-16 15:23:55,051 - RoomInfo - INFO - 接口:根据房间ID获取直播间信息，测试完成
2017-11-16 15:23:55,051 - RoomInfo - INFO - 接口:根据房间ID获取直播间信息，测试开始
2017-11-16 15:23:55,144 - RoomInfo - INFO - 接口:根据房间ID获取直播间信息，测试完成
2017-11-16 15:23:55,144 - RoomInfo - INFO - 接口:根据房间ID获取直播间信息，测试开始
2017-11-16 15:23:55,223 - RoomInfo - INFO - 接口:根据房间ID获取直播间信息，测试完成
2017-11-16 15:23:55,223 - RoomInfo - INFO - 接口:根据房间ID获取直播间信息，测试开始
2017-11-16 15:23:55,301 - RoomInfo - INFO - 接口:根据房间ID获取直播间信息，测试完成
2017-11-16 15:23:55,301 - RoomInfo - INFO - 接口:根据房间ID获取直播间信息，测试开始
2017-11-16 15:23:55,395 - RoomInfo - INFO - 接口:根据房间ID获取直播间信息，测试完成
2017-11-16 15:23:55,395 - RoomInfo - INFO - 接口:根据房间ID获取直播间信息，测试开始
2017-11-16 15:23:55,488 - RoomInfo - INFO - 接口:根据房间ID获取直播间信息，测试完成
2017-11-16 15:23:55,504 - RoomInfo - INFO - 接口:根据房间ID获取直播间信息，测试开始
2017-11-16 15:23:55,629 - RoomInfo - INFO - 接口:根据房间ID获取直播间信息，测试完成
