2018-02-06 17:54:57,070 - UserProfileMini - INFO - **** https://www.zhanqi.tv/api/user/profile/mini ****
2018-02-06 17:54:57,070 - UserProfileMini - INFO - 参数为空
2018-02-06 17:54:57,305 - UserProfileMini - INFO - {
    "code": 1001,
    "message": "访问对象(UID)错误",
    "data": []
}
2018-02-06 17:54:57,305 - UserProfileMini - INFO - --------------------------------------------------------------
2018-02-06 17:54:57,305 - UserProfileMini - INFO - **** https://www.zhanqi.tv/api/user/profile/mini ****
2018-02-06 17:54:57,305 - UserProfileMini - INFO - 获取成功
2018-02-06 17:54:57,399 - UserProfileMini - INFO - {
    "code": 0,
    "message": "SUCCESS",
    "data": {
        "nickname": "旗娘小姐姐",
        "avatar": "https://img2.zhanqi.tv/avatar/00/000/0_0000000000.jpg",
        "gender": "2",
        "slevel": {
            "pos": 0,
            "level": 0,
            "name": ""
        },
        "plevel": {
            "level": 9,
            "left": 949
        },
        "friendCnt": 0,
        "followCnt": 0,
        "fansCnt": 0,
        "isFollow": 0,
        "firepower": 0,
        "loc": "浙江杭州",
        "isAnchor": 0
    }
}
2018-02-06 17:54:57,399 - UserProfileMini - INFO - --------------------------------------------------------------
2018-02-06 17:54:57,399 - UserProfile - INFO - **** https://www.zhanqi.tv/api/user/profile ****
2018-02-06 17:54:57,399 - UserProfile - INFO - 参数为空
2018-02-06 17:54:57,493 - UserProfile - INFO - {
    "code": 1001,
    "message": "访问对象(UID)错误",
    "data": []
}
2018-02-06 17:54:57,493 - UserProfile - INFO - --------------------------------------------------------------
2018-02-06 17:54:57,508 - UserProfile - INFO - **** https://www.zhanqi.tv/api/user/profile ****
2018-02-06 17:54:57,508 - UserProfile - INFO - 获取成功
2018-02-06 17:54:57,631 - UserProfile - INFO - {
    "code": 0,
    "message": "SUCCESS",
    "data": {
        "nickname": "旗娘小姐姐",
        "avatar": "https://img2.zhanqi.tv/avatar/00/000/0_0000000000.jpg",
        "gender": "2",
        "slevel": {
            "pos": 0,
            "level": 0,
            "name": ""
        },
        "plevel": {
            "level": 9,
            "left": 949
        },
        "friendCnt": 0,
        "followCnt": 0,
        "fansCnt": 0,
        "isFollow": 0,
        "firepower": 0,
        "roomInfo": {
            "level": 0,
            "live": 0,
            "url": null,
            "id": null,
            "fansTitle": null
        },
        "loc": "浙江杭州",
        "guard": []
    }
}
2018-02-06 17:54:57,631 - UserProfile - INFO - --------------------------------------------------------------
2018-02-06 17:54:57,631 - RoomInfo - INFO - **** https://apis.zhanqi.tv/static/v2.1/room/ ****
2018-02-06 17:54:57,646 - RoomInfo - INFO - 获取成功
2018-02-06 17:54:57,809 - RoomInfo - INFO - {
    "code": 0,
    "message": "OK",
    "data": {
        "id": "40145",
        "uid": "104814802",
        "nickname": "死亡宣告丶vasilii",
        "gender": "2",
        "avatar": "https://img2.zhanqi.tv/avatar/88/a85/104814802_1482402231.jpg",
        "code": "1145620",
        "url": "/1145620",
        "title": "峡谷王者800点冲第一晚11-12点直播NBA",
        "gameId": "6",
        "spic": "https://img1.zhanqi.tv/live/fixed/1b/07/40145_spic.jpg",
        "bpic": "https://img2.zhanqi.tv/live/fixed/1b/07/40145_bpic.jpg",
        "template": "1",
        "online": "0",
        "weight": "0",
        "status": "0",
        "level": "2",
        "hotsLevel": "32",
        "type": "1",
        "liveTime": "1508992720",
        "verscr": "0",
        "allowRecord": "0",
        "allowVideo": "0",
        "publishUrl": "yfrtmp",
        "videoId": "40145_cWcrH",
        "chatStatus": "1",
        "roomNotice": "",
        "anchorNotice": "",
        "anchorCoverImg": "",
        "editTime": "2017-10-27 04:11:51",
        "addTime": "2015-04-22 14:37:39",
        "legal": 0,
        "flashvars": {
            "Servers": "eyJsaXN0IjpbeyJpcCI6IjE4Mi45Mi4yMzIuMTkwIiwicG9ydCI6MTUwMTAsImlkIjo5MiwiY2hhdHJvb21faWQiOjkyfSx7ImlwIjoiMTIwLjU1LjcyLjE2NCIsInBvcnQiOjE1MDEwLCJpZCI6MTAzLCJjaGF0cm9vbV9pZCI6MTAzfSx7ImlwIjoiMTE1LjI5LjI0NS4xNDQiLCJwb3J0IjoxNTAxMCwiaWQiOjc5LCJjaGF0cm9vbV9pZCI6Nzl9XX0=",
            "VideoLevels": "eyJzdHJlYW1VcmwiOiJodHRwOlwvXC9hbGhscy5jZG4uemhhbnFpLnR2XC96cWxpdmVcLzQwMTQ1X2NXY3JILm0zdTgifQ==",
            "cdns": "eyJ2aWQiOiI0MDE0NV9jV2NySCIsImJyb2Nhc3QiOiIwIiwiY2RucyI6MjAyLCJhaWRjZG5zIjoiNzJ8MjAyIiwib3V0Y2RucyI6IjQyIiwicmF0ZSI6IjIwMnwyMDIiLCJyZXZpZXciOiIxMyIsImxpbmVzIjpbWzAsMjAyLDIwMiwyMDJdLFswLDcyLDcyLDcyXSxbMCwyMDIsMjAyLDIwMl0sWzAsNDIsNzIsNzJdXSwibGluZU5hbWVzIjpbIlx1NGUzYlx1N2ViZiIsIlx1NTkwN1x1N2ViZjEiLCJcdTU5MDdcdTdlYmYyIiwiXHU2ZDc3XHU1OTE2Il0sInJhdGVOYW1lcyI6WyJcdTUzOWZcdTc1M2IiLCJcdThkODVcdTZlMDUiLCJcdTlhZDhcdTZlMDUiLCJcdTY4MDdcdTZlMDUiXX0=",
            "Status": 0,
            "RoomId": 40145,
            "ComLayer": true,
            "VideoTitle": "峡谷王者800点冲第一晚11-12点直播NBA",
            "WebHost": "http://www.zhanqi.tv",
            "VideoType": "LIVE",
            "GameId": 6,
            "Online": 0,
            "pv": "20180206.02",
            "TuristRate": 1,
            "Gpu": 1,
            "GadObj": ""
        },
        "classId": "1",
        "className": "热门竞技",
        "classUrl": "/topgames/rmjj",
        "newGameName": "英雄联盟",
        "fatherGameId": "6",
        "fatherGameName": "英雄联盟",
        "fatherGameUrl": "/games/lol",
        "gameName": "英雄联盟",
        "gameUrl": "/games/lol",
        "gameIcon": "https://img1.zhanqi.tv/uploads/2017/09/gameicon-2017091914345152552.png",
        "gameBpic": "https://img2.zhanqi.tv/uploads/2016/01/gamebpic-2016012516165888583.jpeg",
        "permission": {
            "fans": true,
            "guess": true,
            "replay": true,
            "multi": true,
            "shift": true,
            "yf": false,
            "flycan": false,
            "video": true,
            "firework": true,
            "googleAd": true
        },
        "fansTitle": "秃驴",
        "anchorAttr": {
            "hots": {
                "level": "32",
                "fight": "26236796",
                "nowLevelStart": "21600000",
                "nextLevelFight": "33600000"
            },
            "anchorCard": ""
        },
        "follows": "987181",
        "isStar": {
            "isWeek": 0,
            "isMonth": 0
        },
        "bonus": false,
        "fall": {
            "host": "https://img1.zhanqi.tv/",
            "list": [
                {
                    "words": "呱呱,青蛙,儿子",
                    "icons": "uploads/2018/01/barrage-2018013015434526126.png"
                }
            ]
        },
        "firepower": 19273
    }
}
2018-02-06 17:54:57,841 - RoomInfo - INFO - --------------------------------------------------------------
2018-02-06 17:54:57,841 - VideosZhuBoPage - INFO - **** https://www.zhanqi.tv/api/static/v2.2/video/recommend/ ****
2018-02-06 17:54:57,841 - VideosZhuBoPage - INFO - 获取成功
2018-02-06 17:54:57,969 - VideosZhuBoPage - INFO - {
    "code": 0,
    "message": "SUCCESS",
    "data": {
        "cnt": "504",
        "data": [
            {
                "id": "462083",
                "uid": "100015330",
                "gameId": "6",
                "albumId": "0",
                "mainCategoryId": "3",
                "title": "电一王者继续冲分 (2018-02-06 17:15)",
                "gender": "2",
                "avatar": "https://img2.zhanqi.tv/avatar/7f/22c/100015330_1513085748.jpg",
                "nickname": "weixiao",
                "playUrl": "http://dlvod.cdn.zhanqi.tv/videonew/hls/special06/462083_100015330_20180206172321/462083_100015330_20180206172321.m3u8",
                "spic": "https://img1.zhanqi.tv/video/special/20180206/special_462083_100015330_1517909335.jpg",
                "bpic": "https://img1.zhanqi.tv/video/special/20180206/special-462083_100015330_1517909335_big.jpg",
                "playCnt": 2,
                "size": "3258868262",
                "duration": "4294",
                "shareCnt": "0",
                "commentCnt": "0",
                "zanCnt": "0",
                "baseCnt": "0",
                "multiplyCnt": "1",
                "tags": "",
                "docTag": "{\"resolution\": \"1920x1080\"}",
                "protocol": "hls",
                "videoDesc": "",
                "weight": "0",
                "createdAt": "2018-02-06 17:15:40",
                "updatedAt": "2018-02-06 17:28:57",
                "allowComment": "1",
                "barrageUrl": "",
                "url": "/v2/videos/462083.html",
                "gameName": "英雄联盟",
                "gameKey": "lol",
                "gameUrl": "/games/lol"
            },
            {
                "id": "461112",
                "uid": "100015330",
                "gameId": "6",
                "albumId": "0",
                "mainCategoryId": "3",
                "title": "电一王者继续冲分 (2018-02-05 21:44)",
                "gender": "2",
                "avatar": "https://img2.zhanqi.tv/avatar/7f/22c/100015330_1513085748.jpg",
                "nickname": "weixiao",
                "playUrl": "http://dlvod.cdn.zhanqi.tv/videonew/hls/special06/461112_100015330_20180205225843/461112_100015330_20180205225843.m3u8",
                "spic": "https://img1.zhanqi.tv/video/special/20180205/special_461112_100015330_1517843298.jpg",
                "bpic": "https://img1.zhanqi.tv/video/special/20180205/special-461112_100015330_1517843298_big.jpg",
                "playCnt": 503,
                "size": "4477525737",
                "duration": "5895",
                "shareCnt": "0",
                "commentCnt": "2",
                "zanCnt": "10",
                "baseCnt": "0",
                "multiplyCnt": "1",
                "tags": "",
                "docTag": "{\"resolution\": \"1920x1080\"}",
                "protocol": "hls",
                "videoDesc": "",
                "weight": "0",
                "createdAt": "2018-02-05 21:44:04",
                "updatedAt": "2018-02-05 23:08:19",
                "allowComment": "1",
                "barrageUrl": "https://resource.zhanqi.tv/barrage_files/1112/5a7903ecaae551517880300.json",
                "url": "/v2/videos/461112.html",
                "gameName": "英雄联盟",
                "gameKey": "lol",
                "gameUrl": "/games/lol"
            },
            {
                "id": "460881",
                "uid": "100015330",
                "gameId": "6",
                "albumId": "0",
                "mainCategoryId": "3",
                "title": "电一王者继续冲分 (2018-02-05 20:06)",
                "gender": "2",
                "avatar": "https://img2.zhanqi.tv/avatar/7f/22c/100015330_1513085748.jpg",
                "nickname": "weixiao",
                "playUrl": "http://dlvod.cdn.zhanqi.tv/videonew/hls/special06/460881_100015330_20180205204738/460881_100015330_20180205204738.m3u8",
                "spic": "https://img2.zhanqi.tv/video/special/20180205/special_460881_100015330_1517835545.jpg",
                "bpic": "https://img1.zhanqi.tv/video/special/20180205/special-460881_100015330_1517835545_big.jpg",
                "playCnt": 597,
                "size": "5531402215",
                "duration": "7286",
                "shareCnt": "0",
                "commentCnt": "1",
                "zanCnt": "9",
                "baseCnt": "0",
                "multiplyCnt": "1",
                "tags": "",
                "docTag": "{\"resolution\": \"1920x1080\"}",
                "protocol": "hls",
                "videoDesc": "",
                "weight": "0",
                "createdAt": "2018-02-05 20:06:34",
                "updatedAt": "2018-02-05 20:59:07",
                "allowComment": "1",
                "barrageUrl": "https://resource.zhanqi.tv/barrage_files/881/5a795cfce8bfb1517903100.json",
                "url": "/v2/videos/460881.html",
                "gameName": "英雄联盟",
                "gameKey": "lol",
                "gameUrl": "/games/lol"
            },
            {
                "id": "460659",
                "uid": "100015330",
                "gameId": "6",
                "albumId": "0",
                "mainCategoryId": "3",
                "title": "电一王者继续冲分 (2018-02-05 18:05)",
                "gender": "2",
                "avatar": "https://img2.zhanqi.tv/avatar/7f/22c/100015330_1513085748.jpg",
                "nickname": "weixiao",
                "playUrl": "http://dlvod.cdn.zhanqi.tv/videonew/hls/special06/460659_100015330_20180205182459/460659_100015330_20180205182459.m3u8",
                "spic": "https://img1.zhanqi.tv/video/special/20180205/special_460659_100015330_1517826549.jpg",
                "bpic": "https://img1.zhanqi.tv/video/special/20180205/special-460659_100015330_1517826549_big.jpg",
                "playCnt": 338,
                "size": "2444179190",
                "duration": "3219",
                "shareCnt": "0",
                "commentCnt": "1",
                "zanCnt": "4",
                "baseCnt": "0",
                "multiplyCnt": "1",
                "tags": "",
                "docTag": "{\"resolution\": \"1920x1080\"}",
                "protocol": "hls",
                "videoDesc": "",
                "weight": "0",
                "createdAt": "2018-02-05 18:05:23",
                "updatedAt": "2018-02-05 18:29:11",
                "allowComment": "1",
                "barrageUrl": "https://resource.zhanqi.tv/barrage_files/659/5a78a9b0d96a71517857200.json",
                "url": "/v2/videos/460659.html",
                "gameName": "英雄联盟",
                "gameKey": "lol",
                "gameUrl": "/games/lol"
            },
            {
                "id": "460577",
                "uid": "100015330",
                "gameId": "6",
                "albumId": "0",
                "mainCategoryId": "3",
                "title": "电一王者继续冲分 (2018-02-05 17:09)",
                "gender": "2",
                "avatar": "https://img2.zhanqi.tv/avatar/7f/22c/100015330_1513085748.jpg",
                "nickname": "weixiao",
                "playUrl": "http://dlvod.cdn.zhanqi.tv/videonew/hls/special06/460577_100015330_20180205171444/460577_100015330_20180205171444.m3u8",
                "spic": "https://img2.zhanqi.tv/video/special/20180205/special_460577_100015330_1517822397.jpg",
                "bpic": "https://img1.zhanqi.tv/video/special/20180205/special-460577_100015330_1517822397_big.jpg",
                "playCnt": 481,
                "size": "2818244228",
                "duration": "3713",
                "shareCnt": "0",
                "commentCnt": "1",
                "zanCnt": "11",
                "baseCnt": "0",
                "multiplyCnt": "1",
                "tags": "",
                "docTag": "{\"resolution\": \"1920x1080\"}",
                "protocol": "hls",
                "videoDesc": "",
                "weight": "0",
                "createdAt": "2018-02-05 17:09:20",
                "updatedAt": "2018-02-05 17:19:59",
                "allowComment": "1",
                "barrageUrl": "https://resource.zhanqi.tv/barrage_files/577/5a789f24a28c31517854500.json",
                "url": "/v2/videos/460577.html",
                "gameName": "英雄联盟",
                "gameKey": "lol",
                "gameUrl": "/games/lol"
            },
            {
                "id": "459518",
                "uid": "100015330",
                "gameId": "6",
                "albumId": "0",
                "mainCategoryId": "3",
                "title": "电一王者继续冲分 (2018-02-04 21:35)",
                "gender": "2",
                "avatar": "https://img2.zhanqi.tv/avatar/7f/22c/100015330_1513085748.jpg",
                "nickname": "weixiao",
                "playUrl": "http://dlvod.cdn.zhanqi.tv/videonew/hls/special06/459518_100015330_20180204223819/459518_100015330_20180204223819.m3u8",
                "spic": "https://img1.zhanqi.tv/video/special/20180204/special_459518_100015330_1517755432.jpg",
                "bpic": "https://img2.zhanqi.tv/video/special/20180204/special-459518_100015330_1517755432_big.jpg",
                "playCnt": 899,
                "size": "3408528660",
                "duration": "4488",
                "shareCnt": "0",
                "commentCnt": "0",
                "zanCnt": "7",
                "baseCnt": "0",
                "multiplyCnt": "1",
                "tags": "",
                "docTag": "{\"resolution\": \"1920x1080\"}",
                "protocol": "hls",
                "videoDesc": "",
                "weight": "0",
                "createdAt": "2018-02-04 21:35:07",
                "updatedAt": "2018-02-04 22:43:54",
                "allowComment": "1",
                "barrageUrl": "",
                "url": "/v2/videos/459518.html",
                "gameName": "英雄联盟",
                "gameKey": "lol",
                "gameUrl": "/games/lol"
            },
            {
                "id": "459282",
                "uid": "100015330",
                "gameId": "6",
                "albumId": "0",
                "mainCategoryId": "3",
                "title": "电一王者继续冲分 (2018-02-04 20:09)",
                "gender": "2",
                "avatar": "https://img2.zhanqi.tv/avatar/7f/22c/100015330_1513085748.jpg",
                "nickname": "weixiao",
                "playUrl": "http://dlvod.cdn.zhanqi.tv/videonew/hls/special06/459282_100015330_20180204205433/459282_100015330_20180204205433.m3u8",
                "spic": "https://img2.zhanqi.tv/video/special/20180204/special_459282_100015330_1517749149.jpg",
                "bpic": "https://img1.zhanqi.tv/video/special/20180204/special-459282_100015330_1517749149_big.jpg",
                "playCnt": 717,
                "size": "2771379574",
                "duration": "3651",
                "shareCnt": "0",
                "commentCnt": "0",
                "zanCnt": "6",
                "baseCnt": "0",
                "multiplyCnt": "1",
                "tags": "",
                "docTag": "{\"resolution\": \"1920x1080\"}",
                "protocol": "hls",
                "videoDesc": "",
                "weight": "0",
                "createdAt": "2018-02-04 20:09:59",
                "updatedAt": "2018-02-04 20:59:13",
                "allowComment": "1",
                "barrageUrl": "",
                "url": "/v2/videos/459282.html",
                "gameName": "英雄联盟",
                "gameKey": "lol",
                "gameUrl": "/games/lol"
            },
            {
                "id": "459150",
                "uid": "100015330",
                "gameId": "6",
                "albumId": "0",
                "mainCategoryId": "3",
                "title": "电一王者继续冲分 (2018-02-04 19:07)",
                "gender": "2",
                "avatar": "https://img2.zhanqi.tv/avatar/7f/22c/100015330_1513085748.jpg",
                "nickname": "weixiao",
                "playUrl": "http://dlvod.cdn.zhanqi.tv/videonew/hls/special06/459150_100015330_20180204200712/459150_100015330_20180204200712.m3u8",
                "spic": "https://img1.zhanqi.tv/video/special/20180204/special_459150_100015330_1517746281.jpg",
                "bpic": "https://img1.zhanqi.tv/video/special/20180204/special-459150_100015330_1517746281_big.jpg",
                "playCnt": 672,
                "size": "2424679499",
                "duration": "3194",
                "shareCnt": "0",
                "commentCnt": "1",
                "zanCnt": "3",
                "baseCnt": "0",
                "multiplyCnt": "1",
                "tags": "",
                "docTag": "{\"resolution\": \"1920x1080\"}",
                "protocol": "hls",
                "videoDesc": "",
                "weight": "0",
                "createdAt": "2018-02-04 19:07:45",
                "updatedAt": "2018-02-04 20:11:23",
                "allowComment": "1",
                "barrageUrl": "https://resource.zhanqi.tv/barrage_files/9150/5a77fc40d86531517812800.json",
                "url": "/v2/videos/459150.html",
                "gameName": "英雄联盟",
                "gameKey": "lol",
                "gameUrl": "/games/lol"
            }
        ]
    }
}
2018-02-06 17:54:58,018 - VideosZhuBoPage - INFO - --------------------------------------------------------------
